Traceback (most recent call last):
  File "/home/runner/.local/lib/python3.10/site-packages/jupyter_cache/executors/utils.py", line 58, in single_nb_execution
    executenb(
  File "/home/runner/.local/lib/python3.10/site-packages/nbclient/client.py", line 1305, in execute
    return NotebookClient(nb=nb, resources=resources, km=km, **kwargs).execute()
  File "/home/runner/.local/lib/python3.10/site-packages/jupyter_core/utils/__init__.py", line 173, in wrapped
    return loop.run_until_complete(inner)
  File "/usr/lib/python3.10/asyncio/base_events.py", line 649, in run_until_complete
    return future.result()
  File "/home/runner/.local/lib/python3.10/site-packages/nbclient/client.py", line 705, in async_execute
    await self.async_execute_cell(
  File "/home/runner/.local/lib/python3.10/site-packages/nbclient/client.py", line 1058, in async_execute_cell
    await self._check_raise_for_error(cell, cell_index, exec_reply)
  File "/home/runner/.local/lib/python3.10/site-packages/nbclient/client.py", line 914, in _check_raise_for_error
    raise CellExecutionError.from_cell_and_msg(cell, exec_reply_content)
nbclient.exceptions.CellExecutionError: An error occurred while executing the following cell:
------------------
import numpy as np
import matplotlib.pyplot as plt
from IPython.display import clear_output, display
import time

np.random.seed(0)
n = 40
y_real = 5
frame = 50

x = np.arange(1, n+1)
# éšæœºåç§»
bias = 1 - 2 * np.random.rand(n)
# æ•°æ®ç‚¹
y_test = y_real + bias

# åˆ›å»ºå›¾åƒå’Œåæ ‡è½´å¯¹è±¡
fig, ax = plt.subplots(figsize=(14, 8))
ax.set_facecolor('w')

# æ‹Ÿåˆçš„æ›²çº¿
y_appr = y_real - 1
for i in range(frame):
    ax.clear()
    
    # ç»˜åˆ¶è™šçº¿
    for j in range(n):
        ax.plot([x[j], x[j]], [y_test[j], y_appr], linestyle='--', linewidth=0.5, color='gray')
        
    # ç»˜åˆ¶æ•£ç‚¹å›¾
    scatter = ax.scatter(x, y_test, color='b', facecolors='yellow', s=200)
    
    # ç»˜åˆ¶å›žå½’çº¿
    ax.axhline(y=y_appr, color='r')

    # è®¡ç®—è¯¯å·®
    Rn = np.sum((y_appr - y_test)**2)
    
    # è®¾ç½®åæ ‡è½´èŒƒå›´å’Œæ ‡ç­¾
    ax.set_xlim(0, n+1)
    ax.set_ylim(y_real-2, y_real+1.5)
    ax.set_xlabel('x')
    ax.set_ylabel('y')
    
    # è®¾ç½®æ ‡é¢˜
    ax.set_title('orinary least squares'.format(Rn, y_appr))
    ax.text(0.05, 0.1, '$R_n$={:.2f} \n $y$={:.2f}'.format(Rn, y_appr), transform=ax.transAxes,
            fontsize=12, fontweight='bold', color='black')
    
    # æ¸…é™¤ä¸Šä¸€å¸§çš„å›¾åƒ
    clear_output(wait=True)
    
    # æ˜¾ç¤ºå½“å‰å¸§çš„å›¾åƒ
    display(fig)
    
    # æš‚åœä¸€æ®µæ—¶é—´
    time.sleep(0.1)
    
    # æ›´æ–°é¢„æµ‹å€¼
    y_appr += 1.5/frame

plt.close()
------------------


[0;31m---------------------------------------------------------------------------[0m
[0;31mModuleNotFoundError[0m                       Traceback (most recent call last)
Cell [0;32mIn[1], line 1[0m
[0;32m----> 1[0m [38;5;28;01mimport[39;00m [38;5;21;01mnumpy[39;00m [38;5;28;01mas[39;00m [38;5;21;01mnp[39;00m
[1;32m      2[0m [38;5;28;01mimport[39;00m [38;5;21;01mmatplotlib[39;00m[38;5;21;01m.[39;00m[38;5;21;01mpyplot[39;00m [38;5;28;01mas[39;00m [38;5;21;01mplt[39;00m
[1;32m      3[0m [38;5;28;01mfrom[39;00m [38;5;21;01mIPython[39;00m[38;5;21;01m.[39;00m[38;5;21;01mdisplay[39;00m [38;5;28;01mimport[39;00m clear_output, display

[0;31mModuleNotFoundError[0m: No module named 'numpy'

