Traceback (most recent call last):
  File "/home/runner/.local/lib/python3.10/site-packages/jupyter_cache/executors/utils.py", line 58, in single_nb_execution
    executenb(
  File "/home/runner/.local/lib/python3.10/site-packages/nbclient/client.py", line 1305, in execute
    return NotebookClient(nb=nb, resources=resources, km=km, **kwargs).execute()
  File "/home/runner/.local/lib/python3.10/site-packages/jupyter_core/utils/__init__.py", line 173, in wrapped
    return loop.run_until_complete(inner)
  File "/usr/lib/python3.10/asyncio/base_events.py", line 649, in run_until_complete
    return future.result()
  File "/home/runner/.local/lib/python3.10/site-packages/nbclient/client.py", line 705, in async_execute
    await self.async_execute_cell(
  File "/home/runner/.local/lib/python3.10/site-packages/nbclient/client.py", line 1058, in async_execute_cell
    await self._check_raise_for_error(cell, cell_index, exec_reply)
  File "/home/runner/.local/lib/python3.10/site-packages/nbclient/client.py", line 914, in _check_raise_for_error
    raise CellExecutionError.from_cell_and_msg(cell, exec_reply_content)
nbclient.exceptions.CellExecutionError: An error occurred while executing the following cell:
------------------
import matplotlib.pyplot as plt
import numpy as np

from sklearn import datasets, linear_model
from sklearn.metrics import mean_squared_error, r2_score

# åŠ è½½ç³–å°¿ç—…æ•°æ®é›†
diabetes_X, diabetes_y = datasets.load_diabetes(return_X_y=True)

# åªä½¿ç”¨ä¸€ä¸ªç‰¹å¾
# ä»Ž diabetes_X ä¸­é€‰æ‹©æ‰€æœ‰è¡Œï¼Œå¹¶ä¸”å°†ç¬¬ä¸‰åˆ—çš„å…ƒç´ ä½œä¸ºä¸€ä¸ªæ–°çš„ç»´åº¦æ·»åŠ è¿›åŽ»ã€‚ (n_samples, n_features) -> (n_samples, 1)ã€‚
diabetes_X = diabetes_X[:, np.newaxis, 2]
print(diabetes_X[:5], diabetes_y[:5])

# Xåˆ’åˆ†æµ‹è¯•é›†å’Œè®­ç»ƒé›†
diabetes_X_train = diabetes_X[:-20]
diabetes_X_test = diabetes_X[-20:]

# yåˆ’åˆ†æµ‹è¯•é›†å’Œè®­ç»ƒé›†
diabetes_y_train = diabetes_y[:-20]
diabetes_y_test = diabetes_y[-20:]

# åˆ›å»ºçº¿æ€§å›žå½’å¯¹è±¡
regr = linear_model.LinearRegression()

# ä½¿ç”¨æµ‹è¯•é›†è®­ç»ƒæ¨¡åž‹
regr.fit(diabetes_X_train, diabetes_y_train)

# ä½¿ç”¨æµ‹è¯•é›†é¢„æµ‹
diabetes_y_pred = regr.predict(diabetes_X_test)

# ç³»æ•°
print("ç³»æ•°: \n", regr.coef_)
# å‡æ–¹è¯¯å·®
print("å‡æ–¹è¯¯å·®: %.2f" % mean_squared_error(diabetes_y_test, diabetes_y_pred))
# ç¡®å®šç³»æ•°ï¼Œç”¨RÂ²è¡¨ç¤º
print("ç¡®å®šç³»æ•°: %.2f" % r2_score(diabetes_y_test, diabetes_y_pred))

# å¯è§†åŒ–è¾“å‡º
plt.scatter(diabetes_X_test, diabetes_y_test, color="black")
plt.plot(diabetes_X_test, diabetes_y_pred, color="blue", linewidth=3)

plt.xticks(())
plt.yticks(())

plt.show()
------------------


[0;31m---------------------------------------------------------------------------[0m
[0;31mModuleNotFoundError[0m                       Traceback (most recent call last)
Cell [0;32mIn[1], line 1[0m
[0;32m----> 1[0m [38;5;28;01mimport[39;00m [38;5;21;01mmatplotlib[39;00m[38;5;21;01m.[39;00m[38;5;21;01mpyplot[39;00m [38;5;28;01mas[39;00m [38;5;21;01mplt[39;00m
[1;32m      2[0m [38;5;28;01mimport[39;00m [38;5;21;01mnumpy[39;00m [38;5;28;01mas[39;00m [38;5;21;01mnp[39;00m
[1;32m      4[0m [38;5;28;01mfrom[39;00m [38;5;21;01msklearn[39;00m [38;5;28;01mimport[39;00m datasets, linear_model

[0;31mModuleNotFoundError[0m: No module named 'matplotlib'

